> Task :youtubeplayer:checkKotlinGradlePluginConfigurationErrors SKIPPED
> Task :youtubeplayer:preBuild UP-TO-DATE
> Task :youtubeplayer:preDebugBuild UP-TO-DATE
> Task :youtubeplayer:generateDebugResValues UP-TO-DATE
> Task :youtubeplayer:generateDebugResources UP-TO-DATE
> Task :youtubeplayer:packageDebugResources UP-TO-DATE
> Task :youtubeplayer:processDebugNavigationResources UP-TO-DATE
> Task :youtubeplayer:parseDebugLocalResources UP-TO-DATE
> Task :youtubeplayer:generateDebugRFile UP-TO-DATE

> Task :youtubeplayer:compileDebugKotlin FAILED
.\gradlew.bat : e: file:///D:/xampp/htdocs/youtube/android-lib
/youtubeplayer/src/main/java/com/youtube/player/YouTubePlayerV
iew.kt:141:57 No value passed for parameter 'videoId'.
At line:1 char:1
+ .\gradlew.bat :youtubeplayer:compileDebugKotlin 2>&1 | 
Out-File -Enco ...
+ ~~~~~~~~~~~~~~~~~~~~~~~~~~~~~~~~~~~~~~~~~~~~~~~~~~~~
    + CategoryInfo          : NotSpecified: (e: file:///    
D:/x...eter 'videoId'.:String) [], RemoteException
    + FullyQualifiedErrorId : NativeCommandError
 
e: file:///D:/xampp/htdocs/youtube/android-lib/youtubeplayer/s
rc/main/java/com/youtube/player/YouTubePlayerView.kt:144:56 
No value passed for parameter 'videoId'.
e: file:///D:/xampp/htdocs/youtube/android-lib/youtubeplayer/s
rc/main/java/com/youtube/player/YouTubePlayerView.kt:147:55 
No value passed for parameter 'videoId'.

[Incubating] Problems report is available at: file:///D:/xampp/htdocs/youtube/android-lib/build/reports/problems/problems-report.html

FAILURE: Build failed with an exception.

* What went wrong:
Execution failed for task ':youtubeplayer:compileDebugKotlin'.
> A failure occurred while executing org.jetbrains.kotlin.comp
ilerRunner.GradleCompilerRunnerWithWorkers$GradleKotlinCompile
rWorkAction
   > Compilation error. See log for more details

* Try:
> Run with --stacktrace option to get the stack trace.
> Run with --info or --debug option to get more log output.
> Run with --scan to get full insights.
> Get more help at https://help.gradle.org.

Deprecated Gradle features were used in this build, making it incompatible with Gradle 9.0.

You can use '--warning-mode all' to show the individual deprecation warnings and determine if they come from your own scripts or plugins.

For more on this, please refer to https://docs.gradle.org/8.13/userguide/command_line_interface.html#sec:command_line_warnings in the Gradle documentation.

BUILD FAILED in 2s
7 actionable tasks: 1 executed, 6 up-to-date
